[ 2018-11-05T14:22:44+08:00 ] 192.168.1.189 /yhos/index.php
INFO: [ app_init ] --START--
INFO: Run Behavior\BuildLiteBehavior [ RunTime:0.000083s ]
INFO: [ app_init ] --END-- [ RunTime:0.001968s ]
INFO: [ app_begin ] --START--
INFO: Run Behavior\ReadHtmlCacheBehavior [ RunTime:0.002347s ]
INFO: [ app_begin ] --END-- [ RunTime:0.002589s ]

[ 2018-11-05T14:22:44+08:00 ] 192.168.1.189 /yhos/index.php/Home/index/login.html
INFO: [ app_init ] --START--
INFO: Run Behavior\BuildLiteBehavior [ RunTime:0.000093s ]
INFO: [ app_init ] --END-- [ RunTime:0.001846s ]
INFO: [ app_begin ] --START--
INFO: Run Behavior\ReadHtmlCacheBehavior [ RunTime:0.002148s ]
INFO: [ app_begin ] --END-- [ RunTime:0.002407s ]
INFO: [ view_parse ] --START--
INFO: [ template_filter ] --START--
INFO: Run Behavior\ContentReplaceBehavior [ RunTime:0.000180s ]
INFO: [ template_filter ] --END-- [ RunTime:0.000439s ]
NOTIC: [8] Undefined variable: msg /opt/yhos/Application/Runtime/Cache/Home/ccea6a400660ce54d68cab67b9f68781.php 第 82 行.
INFO: Run Behavior\ParseTemplateBehavior [ RunTime:0.031427s ]
INFO: [ view_parse ] --END-- [ RunTime:0.031650s ]
INFO: [ view_filter ] --START--
INFO: Run Behavior\WriteHtmlCacheBehavior [ RunTime:0.001408s ]
INFO: [ view_filter ] --END-- [ RunTime:0.001581s ]

